리액트 네이티브
    - 안드로이드, iOS 네이티브 앱 작성(크로스 플랫폼용)
      인앱 구매나 푸시 알림과 같이 플랫폼 종속적 기능은 별도 구현
    - readct-dom은 웹 개발시만 사용됨
    - 모바일에서 자바스크립트를 실행하기 위해 JavascriptCore를 사용
      JavascriptCore는 웹킷(Webkit)에 내장된 자바스크립트 엔진
    - virtual dom은 데이터 변경시 UI에 변경된 부분을 빨리 찾기 위해 사용되는 알고리즘

React.createElement(component, props, ...children)
    - component : 문자열(HTML Tag) 또는 React component    
    - props : component가 사용하는 데이터, 돔 요소인 경우 style, className 등
    - children : 해당 component가 감싸고 있는 내부 component
        <div>
            <p>hello</p>
            <p>world</p>
        </div>

        createElement(
            'div',
            null,
            createElement('p', null, 'hello'),
            createElement('p', null, 'world'),
        )
    - createElement 보다는 babel의 도움을 받아 JSX를 사용

babel
    - 자바스크립트 코드를 변환해 주는 컴파일
    - 최신의 문법을 지원하지 않는 환경에서도 최신의 문법 사용 가능
    - ES5 ==> ES6
    - 코드에서 주석 제거 및 압축
    - JSX 문법 사용(JSX ==> createElement)
